mode: set
auth-service/common/enums/httpmethod/httpmethod.go:13.35,14.11 1 1
auth-service/common/enums/httpmethod/httpmethod.go:15.12,16.16 1 1
auth-service/common/enums/httpmethod/httpmethod.go:17.11,18.15 1 1
auth-service/common/enums/httpmethod/httpmethod.go:19.14,20.18 1 1
auth-service/common/enums/httpmethod/httpmethod.go:21.13,22.17 1 1
auth-service/common/enums/httpmethod/httpmethod.go:23.11,23.11 0 1
auth-service/common/enums/httpmethod/httpmethod.go:24.10,25.15 1 1
auth-service/common/enums/httpmethod/httpmethod.go:27.2,27.14 1 1
auth-service/common/enums/httpmethod/httpmethod.go:30.38,31.13 1 1
auth-service/common/enums/httpmethod/httpmethod.go:32.16,33.16 1 1
auth-service/common/enums/httpmethod/httpmethod.go:34.15,35.15 1 1
auth-service/common/enums/httpmethod/httpmethod.go:36.14,37.14 1 1
auth-service/common/enums/httpmethod/httpmethod.go:38.13,39.13 1 1
auth-service/common/enums/httpmethod/httpmethod.go:40.13,40.13 0 1
auth-service/common/enums/httpmethod/httpmethod.go:41.10,42.13 1 1
auth-service/common/enums/httpmethod/httpmethod.go:44.2,44.12 1 1
auth-service/config/environment/environmentConfig.go:13.41,15.28 2 0
auth-service/config/environment/environmentConfig.go:15.28,17.3 1 0
auth-service/config/environment/environmentConfig.go:18.2,18.16 1 0
auth-service/config/environment/environmentConfig.go:18.16,20.3 1 0
auth-service/config/environment/environmentConfig.go:21.2,22.12 2 0
auth-service/config/environment/environmentConfig.go:24.29,27.46 3 0
auth-service/config/environment/environmentConfig.go:27.46,29.13 2 0
auth-service/config/environment/environmentConfig.go:31.2,31.60 1 0
auth-service/config/database/dbConfig.go:20.36,42.16 8 0
auth-service/config/database/dbConfig.go:42.16,44.3 1 0
auth-service/config/database/dbConfig.go:47.2,48.16 2 0
auth-service/config/database/dbConfig.go:48.16,50.3 1 0
auth-service/config/database/dbConfig.go:53.2,59.13 6 0
auth-service/config/database/dbConfig.go:63.45,65.8 2 0
auth-service/config/database/dbConfig.go:65.8,67.3 1 0
auth-service/config/database/dbConfig.go:68.2,68.15 1 0
auth-service/config/database/dbConfig.go:72.35,73.34 1 0
auth-service/config/database/dbConfig.go:73.34,74.31 1 0
auth-service/config/database/dbConfig.go:74.31,76.17 2 0
auth-service/config/database/dbConfig.go:76.17,79.5 2 0
auth-service/config/database/dbConfig.go:80.4,80.22 1 0
auth-service/config/database/dbConfig.go:82.3,82.18 1 0
auth-service/config/database/dbConfig.go:87.21,88.19 1 0
auth-service/config/database/dbConfig.go:88.19,90.3 1 0
auth-service/config/database/dbConfig.go:94.26,95.19 1 0
auth-service/config/database/dbConfig.go:95.19,97.17 2 0
auth-service/config/database/dbConfig.go:97.17,100.4 2 0
auth-service/config/database/dbConfig.go:101.3,102.48 2 0
auth-service/config/database/dbConfig.go:107.41,109.16 2 0
auth-service/config/database/dbConfig.go:109.16,112.3 2 0
auth-service/config/database/dbConfig.go:113.2,113.10 1 0
auth-service/main.go:18.13,24.27 3 0
auth-service/main.go:24.27,26.3 1 0
auth-service/main.go:29.2,36.42 4 0
auth-service/main.go:36.42,38.4 1 0
auth-service/main.go:41.2,50.16 4 0
auth-service/main.go:50.16,52.3 1 0
auth-service/main.go:54.2,57.12 2 0
auth-service/main.go:57.12,58.48 1 0
auth-service/main.go:58.48,60.4 1 0
auth-service/main.go:64.2,68.39 5 0
auth-service/main.go:68.39,70.3 1 0
auth-service/controllers/adminController.go:18.40,21.46 3 0
auth-service/controllers/adminController.go:21.46,24.6 2 0
auth-service/controllers/adminController.go:25.5,25.55 1 0
auth-service/controllers/adminController.go:25.55,27.6 1 0
auth-service/controllers/adminController.go:29.5,32.86 4 0
auth-service/controllers/adminController.go:32.86,34.6 1 0
auth-service/controllers/adminController.go:35.5,35.40 1 0
auth-service/controllers/authController.go:13.39,16.47 3 0
auth-service/controllers/authController.go:16.47,20.3 2 0
auth-service/controllers/authController.go:22.2,22.56 1 0
auth-service/controllers/authController.go:22.56,26.3 2 0
auth-service/controllers/authController.go:27.2,29.21 3 0
auth-service/controllers/authController.go:29.21,31.3 1 0
auth-service/controllers/authController.go:32.2,32.42 1 0
auth-service/controllers/authController.go:34.36,37.47 3 0
auth-service/controllers/authController.go:37.47,41.3 2 0
auth-service/controllers/authController.go:43.2,43.56 1 0
auth-service/controllers/authController.go:43.56,47.3 2 0
auth-service/controllers/authController.go:48.2,50.21 3 0
auth-service/controllers/authController.go:50.21,53.3 2 0
auth-service/controllers/authController.go:54.2,54.43 1 0
auth-service/controllers/authController.go:56.37,59.21 3 0
auth-service/controllers/authController.go:59.21,62.3 2 0
auth-service/controllers/authController.go:63.2,63.37 1 0
auth-service/controllers/authController.go:65.44,68.21 3 0
auth-service/controllers/authController.go:68.21,71.3 2 0
auth-service/controllers/authController.go:72.2,72.37 1 0
auth-service/controllers/authController.go:74.33,77.21 3 0
auth-service/controllers/authController.go:77.21,80.3 2 0
auth-service/controllers/authController.go:81.2,82.13 1 0
auth-service/controllers/authController.go:84.38,87.47 3 0
auth-service/controllers/authController.go:87.47,91.3 2 0
auth-service/controllers/authController.go:93.2,93.56 1 0
auth-service/controllers/authController.go:93.56,97.3 2 0
auth-service/controllers/authController.go:99.2,100.21 2 0
auth-service/controllers/authController.go:100.21,103.3 2 0
auth-service/controllers/authController.go:104.2,104.43 1 0
auth-service/controllers/authController.go:106.35,109.21 3 0
auth-service/controllers/authController.go:109.21,112.3 2 0
auth-service/controllers/authController.go:113.2,116.5 1 0
auth-service/controllers/functionController.go:15.39,19.47 3 0
auth-service/controllers/functionController.go:19.47,24.3 3 0
auth-service/controllers/functionController.go:26.2,26.56 1 0
auth-service/controllers/functionController.go:26.56,31.3 3 0
auth-service/controllers/functionController.go:32.2,33.21 2 0
auth-service/controllers/functionController.go:33.21,36.3 2 0
auth-service/controllers/functionController.go:37.2,37.42 1 0
auth-service/controllers/functionController.go:39.41,43.47 3 0
auth-service/controllers/functionController.go:43.47,48.3 3 0
auth-service/controllers/functionController.go:50.2,50.56 1 0
auth-service/controllers/functionController.go:50.56,55.3 3 0
auth-service/controllers/functionController.go:56.2,57.21 2 0
auth-service/controllers/functionController.go:57.21,60.3 2 0
auth-service/controllers/functionController.go:61.2,61.43 1 0
auth-service/controllers/functionController.go:63.42,67.16 3 0
auth-service/controllers/functionController.go:67.16,72.3 3 0
auth-service/controllers/functionController.go:74.2,75.21 2 0
auth-service/controllers/functionController.go:75.21,78.3 2 0
auth-service/controllers/functionController.go:79.2,80.14 1 0
auth-service/controllers/functionController.go:82.45,86.16 3 0
auth-service/controllers/functionController.go:86.16,91.3 3 0
auth-service/controllers/functionController.go:93.2,94.21 2 0
auth-service/controllers/functionController.go:94.21,97.3 2 0
auth-service/controllers/functionController.go:98.2,98.44 1 0
auth-service/controllers/functionController.go:100.38,104.47 3 0
auth-service/controllers/functionController.go:104.47,109.3 3 0
auth-service/controllers/functionController.go:111.2,112.21 2 0
auth-service/controllers/functionController.go:112.21,116.3 3 0
auth-service/controllers/functionController.go:117.2,124.5 1 0
auth-service/controllers/groupController.go:15.36,19.47 3 0
auth-service/controllers/groupController.go:19.47,24.3 3 0
auth-service/controllers/groupController.go:26.2,26.56 1 0
auth-service/controllers/groupController.go:26.56,31.3 3 0
auth-service/controllers/groupController.go:32.2,33.21 2 0
auth-service/controllers/groupController.go:33.21,36.3 2 0
auth-service/controllers/groupController.go:37.2,37.42 1 0
auth-service/controllers/groupController.go:39.38,43.47 3 0
auth-service/controllers/groupController.go:43.47,48.3 3 0
auth-service/controllers/groupController.go:50.2,50.56 1 0
auth-service/controllers/groupController.go:50.56,55.3 3 0
auth-service/controllers/groupController.go:56.2,57.21 2 0
auth-service/controllers/groupController.go:57.21,60.3 2 0
auth-service/controllers/groupController.go:61.2,61.43 1 0
auth-service/controllers/groupController.go:63.39,67.16 3 0
auth-service/controllers/groupController.go:67.16,72.3 3 0
auth-service/controllers/groupController.go:74.2,75.21 2 0
auth-service/controllers/groupController.go:75.21,78.3 2 0
auth-service/controllers/groupController.go:79.2,80.14 1 0
auth-service/controllers/groupController.go:82.42,86.16 3 0
auth-service/controllers/groupController.go:86.16,91.3 3 0
auth-service/controllers/groupController.go:93.2,94.21 2 0
auth-service/controllers/groupController.go:94.21,97.3 2 0
auth-service/controllers/groupController.go:98.2,98.44 1 0
auth-service/controllers/groupController.go:100.35,104.47 3 0
auth-service/controllers/groupController.go:104.47,109.3 3 0
auth-service/controllers/groupController.go:111.2,112.21 2 0
auth-service/controllers/groupController.go:112.21,116.3 3 0
auth-service/controllers/groupController.go:117.2,124.5 1 0
auth-service/controllers/portalController.go:15.37,19.47 3 0
auth-service/controllers/portalController.go:19.47,24.3 3 0
auth-service/controllers/portalController.go:26.2,26.56 1 0
auth-service/controllers/portalController.go:26.56,31.3 3 0
auth-service/controllers/portalController.go:32.2,33.21 2 0
auth-service/controllers/portalController.go:33.21,36.3 2 0
auth-service/controllers/portalController.go:37.2,37.42 1 0
auth-service/controllers/portalController.go:39.39,43.47 3 0
auth-service/controllers/portalController.go:43.47,48.3 3 0
auth-service/controllers/portalController.go:50.2,50.56 1 0
auth-service/controllers/portalController.go:50.56,55.3 3 0
auth-service/controllers/portalController.go:56.2,57.21 2 0
auth-service/controllers/portalController.go:57.21,60.3 2 0
auth-service/controllers/portalController.go:61.2,61.43 1 0
auth-service/controllers/portalController.go:63.40,67.16 3 0
auth-service/controllers/portalController.go:67.16,72.3 3 0
auth-service/controllers/portalController.go:74.2,75.21 2 0
auth-service/controllers/portalController.go:75.21,78.3 2 0
auth-service/controllers/portalController.go:79.2,80.14 1 0
auth-service/controllers/portalController.go:82.43,86.16 3 0
auth-service/controllers/portalController.go:86.16,91.3 3 0
auth-service/controllers/portalController.go:93.2,94.21 2 0
auth-service/controllers/portalController.go:94.21,97.3 2 0
auth-service/controllers/portalController.go:98.2,98.44 1 0
auth-service/controllers/portalController.go:100.36,104.47 3 0
auth-service/controllers/portalController.go:104.47,109.3 3 0
auth-service/controllers/portalController.go:111.2,112.21 2 0
auth-service/controllers/portalController.go:112.21,116.3 3 0
auth-service/controllers/portalController.go:117.2,124.5 1 0
auth-service/controllers/userController.go:15.35,19.47 3 0
auth-service/controllers/userController.go:19.47,24.3 3 0
auth-service/controllers/userController.go:26.2,26.56 1 0
auth-service/controllers/userController.go:26.56,31.3 3 0
auth-service/controllers/userController.go:32.2,33.21 2 0
auth-service/controllers/userController.go:33.21,36.3 2 0
auth-service/controllers/userController.go:37.2,37.42 1 0
auth-service/controllers/userController.go:39.37,43.47 3 0
auth-service/controllers/userController.go:43.47,48.3 3 0
auth-service/controllers/userController.go:50.2,50.56 1 0
auth-service/controllers/userController.go:50.56,55.3 3 0
auth-service/controllers/userController.go:56.2,57.21 2 0
auth-service/controllers/userController.go:57.21,60.3 2 0
auth-service/controllers/userController.go:61.2,61.43 1 0
auth-service/controllers/userController.go:63.38,67.16 3 0
auth-service/controllers/userController.go:67.16,72.3 3 0
auth-service/controllers/userController.go:74.2,75.21 2 0
auth-service/controllers/userController.go:75.21,78.3 2 0
auth-service/controllers/userController.go:79.2,80.14 1 0
auth-service/controllers/userController.go:82.41,86.16 3 0
auth-service/controllers/userController.go:86.16,91.3 3 0
auth-service/controllers/userController.go:93.2,94.21 2 0
auth-service/controllers/userController.go:94.21,97.3 2 0
auth-service/controllers/userController.go:98.2,98.44 1 0
auth-service/controllers/userController.go:100.34,104.47 3 0
auth-service/controllers/userController.go:104.47,109.3 3 0
auth-service/controllers/userController.go:111.2,112.21 2 0
auth-service/controllers/userController.go:112.21,116.3 3 0
auth-service/controllers/userController.go:117.2,124.5 1 0
auth-service/config/init.go:7.13,10.2 1 0
auth-service/middleware/jwt/jwt.go:14.13,17.13 2 1
auth-service/middleware/jwt/jwt.go:17.13,22.3 2 1
auth-service/middleware/jwt/jwt.go:23.2,23.23 1 1
auth-service/middleware/jwt/jwt.go:26.73,27.110 1 0
auth-service/middleware/jwt/jwt.go:27.110,29.3 1 0
auth-service/middleware/jwt/jwt.go:30.2,30.16 1 0
auth-service/middleware/jwt/jwt.go:30.16,32.15 2 0
auth-service/middleware/jwt/jwt.go:32.15,34.4 1 0
auth-service/middleware/jwt/jwt.go:35.3,36.18 2 0
auth-service/middleware/jwt/jwt.go:39.2,39.67 1 0
auth-service/middleware/jwt/jwt.go:39.67,41.3 1 0
auth-service/middleware/jwt/jwt.go:43.2,43.41 1 0
auth-service/middleware/jwt/jwt.go:47.54,50.16 3 0
auth-service/middleware/jwt/jwt.go:50.16,52.3 1 0
auth-service/middleware/jwt/jwt.go:53.2,53.19 1 0
auth-service/repository/database/authportal/authPortal.go:14.60,17.15 3 0
auth-service/repository/database/authportal/authPortal.go:17.15,23.3 2 0
auth-service/repository/database/authportal/authPortal.go:24.2,25.29 2 0
auth-service/repository/database/authportal/authPortal.go:25.29,31.3 2 0
auth-service/repository/database/authportal/authPortal.go:32.2,33.12 2 0
auth-service/repository/database/authportal/authPortal.go:36.60,40.15 3 0
auth-service/repository/database/authportal/authPortal.go:40.15,46.3 2 0
auth-service/repository/database/authportal/authPortal.go:48.2,49.31 2 0
auth-service/repository/database/authportal/authPortal.go:49.31,55.3 2 0
auth-service/repository/database/authportal/authPortal.go:57.2,58.12 2 0
auth-service/repository/database/authportal/authPortal.go:60.80,64.15 4 0
auth-service/repository/database/authportal/authPortal.go:64.15,70.3 2 0
auth-service/repository/database/authportal/authPortal.go:72.2,74.36 1 0
auth-service/repository/database/authportal/authPortal.go:74.36,80.3 2 0
auth-service/repository/database/authportal/authPortal.go:82.2,82.31 1 0
auth-service/repository/database/authportal/authPortal.go:85.92,92.20 6 0
auth-service/repository/database/authportal/authPortal.go:92.20,95.3 2 0
auth-service/repository/database/authportal/authPortal.go:97.2,101.25 4 0
auth-service/repository/database/authportal/authPortal.go:101.25,104.3 2 0
auth-service/repository/database/authportal/authPortal.go:106.2,106.32 1 0
auth-service/repository/database/authgroup/authGroup.go:14.52,17.15 3 0
auth-service/repository/database/authgroup/authGroup.go:17.15,21.3 2 0
auth-service/repository/database/authgroup/authGroup.go:22.2,23.29 2 0
auth-service/repository/database/authgroup/authGroup.go:23.29,26.3 2 0
auth-service/repository/database/authgroup/authGroup.go:27.2,28.12 2 0
auth-service/repository/database/authgroup/authGroup.go:31.74,38.29 5 0
auth-service/repository/database/authgroup/authGroup.go:38.29,41.3 2 0
auth-service/repository/database/authgroup/authGroup.go:43.2,43.19 1 0
auth-service/repository/database/authgroup/authGroup.go:45.54,49.15 3 0
auth-service/repository/database/authgroup/authGroup.go:49.15,55.3 2 0
auth-service/repository/database/authgroup/authGroup.go:57.2,58.31 2 0
auth-service/repository/database/authgroup/authGroup.go:58.31,64.3 2 0
auth-service/repository/database/authgroup/authGroup.go:66.2,67.12 2 0
auth-service/repository/database/authgroup/authGroup.go:69.90,76.20 6 0
auth-service/repository/database/authgroup/authGroup.go:76.20,79.3 2 0
auth-service/repository/database/authgroup/authGroup.go:81.2,85.25 4 0
auth-service/repository/database/authgroup/authGroup.go:85.25,88.3 2 0
auth-service/repository/database/authgroup/authGroup.go:90.2,90.30 1 0
auth-service/repository/database/authfunction/authFunction.go:14.55,17.15 3 0
auth-service/repository/database/authfunction/authFunction.go:17.15,21.3 2 0
auth-service/repository/database/authfunction/authFunction.go:22.2,23.29 2 0
auth-service/repository/database/authfunction/authFunction.go:23.29,26.3 2 0
auth-service/repository/database/authfunction/authFunction.go:27.2,28.12 2 0
auth-service/repository/database/authfunction/authFunction.go:31.77,38.29 5 0
auth-service/repository/database/authfunction/authFunction.go:38.29,41.3 2 0
auth-service/repository/database/authfunction/authFunction.go:43.2,43.19 1 0
auth-service/repository/database/authfunction/authFunction.go:45.60,49.15 3 0
auth-service/repository/database/authfunction/authFunction.go:49.15,55.3 2 0
auth-service/repository/database/authfunction/authFunction.go:57.2,58.31 2 0
auth-service/repository/database/authfunction/authFunction.go:58.31,64.3 2 0
auth-service/repository/database/authfunction/authFunction.go:66.2,67.12 2 0
auth-service/repository/database/authfunction/authFunction.go:69.96,76.20 6 0
auth-service/repository/database/authfunction/authFunction.go:76.20,79.3 2 0
auth-service/repository/database/authfunction/authFunction.go:81.2,85.25 4 0
auth-service/repository/database/authfunction/authFunction.go:85.25,88.3 2 0
auth-service/repository/database/authfunction/authFunction.go:90.2,90.33 1 0
auth-service/tools/locals/locals.go:17.52,20.2 1 0
auth-service/tools/locals/locals.go:22.54,25.27 2 0
auth-service/tools/locals/locals.go:26.10,27.11 1 0
auth-service/tools/locals/locals.go:28.9,29.12 1 0
auth-service/tools/locals/locals.go:30.10,31.8 1 0
auth-service/tools/locals/locals.go:33.2,33.12 1 0
auth-service/repository/database/authfunctionlang/authFunctionLang.go:14.62,18.15 3 0
auth-service/repository/database/authfunctionlang/authFunctionLang.go:18.15,24.3 2 0
auth-service/repository/database/authfunctionlang/authFunctionLang.go:26.2,27.31 2 0
auth-service/repository/database/authfunctionlang/authFunctionLang.go:27.31,33.3 2 0
auth-service/repository/database/authfunctionlang/authFunctionLang.go:35.2,36.12 2 0
auth-service/repository/database/authuser/authUser.go:14.38,18.15 4 0
auth-service/repository/database/authuser/authUser.go:18.15,24.3 2 0
auth-service/repository/database/authuser/authUser.go:25.2,26.29 2 0
auth-service/repository/database/authuser/authUser.go:26.29,32.3 2 0
auth-service/repository/database/authuser/authUser.go:33.2,34.12 2 0
auth-service/repository/database/authuser/authUser.go:37.77,40.15 3 0
auth-service/repository/database/authuser/authUser.go:40.15,46.3 2 0
auth-service/repository/database/authuser/authUser.go:47.2,51.16 3 0
auth-service/repository/database/authuser/authUser.go:51.16,57.3 2 0
auth-service/repository/database/authuser/authUser.go:59.2,59.19 1 0
auth-service/repository/database/authuser/authUser.go:62.72,65.15 3 0
auth-service/repository/database/authuser/authUser.go:65.15,71.3 2 0
auth-service/repository/database/authuser/authUser.go:72.2,77.16 3 0
auth-service/repository/database/authuser/authUser.go:77.16,83.3 2 0
auth-service/repository/database/authuser/authUser.go:85.2,85.18 1 0
auth-service/repository/database/authuser/authUser.go:88.83,91.15 3 0
auth-service/repository/database/authuser/authUser.go:91.15,97.3 2 0
auth-service/repository/database/authuser/authUser.go:98.2,102.16 3 0
auth-service/repository/database/authuser/authUser.go:102.16,108.3 2 0
auth-service/repository/database/authuser/authUser.go:110.2,110.19 1 0
auth-service/repository/database/authuser/authUser.go:112.54,116.15 3 0
auth-service/repository/database/authuser/authUser.go:116.15,122.3 2 0
auth-service/repository/database/authuser/authUser.go:124.2,125.31 2 0
auth-service/repository/database/authuser/authUser.go:125.31,131.3 2 0
auth-service/repository/database/authuser/authUser.go:133.2,134.12 2 0
auth-service/repository/database/authuser/authUser.go:136.88,143.20 6 0
auth-service/repository/database/authuser/authUser.go:143.20,146.3 2 0
auth-service/repository/database/authuser/authUser.go:148.2,152.25 4 0
auth-service/repository/database/authuser/authUser.go:152.25,155.3 2 0
auth-service/repository/database/authuser/authUser.go:157.2,157.30 1 0
auth-service/repository/database/adaudit/audit.go:14.114,17.15 3 0
auth-service/repository/database/adaudit/audit.go:17.15,21.3 2 0
auth-service/repository/database/adaudit/audit.go:23.2,36.29 3 0
auth-service/repository/database/adaudit/audit.go:36.29,39.3 2 0
auth-service/repository/database/adaudit/audit.go:40.2,41.12 2 0
auth-service/repository/database/authusergroup/authUserGroup.go:14.88,21.16 5 0
auth-service/repository/database/authusergroup/authUserGroup.go:21.16,24.3 2 0
auth-service/repository/database/authusergroup/authUserGroup.go:25.2,25.21 1 0
auth-service/repository/database/authusergroup/authUserGroup.go:28.62,31.15 3 0
auth-service/repository/database/authusergroup/authUserGroup.go:31.15,37.3 2 0
auth-service/repository/database/authusergroup/authUserGroup.go:38.2,39.29 2 0
auth-service/repository/database/authusergroup/authUserGroup.go:39.29,45.3 2 0
auth-service/repository/database/authusergroup/authUserGroup.go:46.2,47.12 2 0
auth-service/repository/database/authportallang/authPortalLang.go:14.60,18.15 3 0
auth-service/repository/database/authportallang/authPortalLang.go:18.15,24.3 2 0
auth-service/repository/database/authportallang/authPortalLang.go:26.2,27.31 2 0
auth-service/repository/database/authportallang/authPortalLang.go:27.31,33.3 2 0
auth-service/repository/database/authportallang/authPortalLang.go:35.2,36.12 2 0
auth-service/repository/database/autrefreshtokens/authRefreshTokens.go:17.60,20.15 3 0
auth-service/repository/database/autrefreshtokens/authRefreshTokens.go:20.15,24.3 2 0
auth-service/repository/database/autrefreshtokens/authRefreshTokens.go:25.2,26.29 2 0
auth-service/repository/database/autrefreshtokens/authRefreshTokens.go:26.29,29.3 2 0
auth-service/repository/database/autrefreshtokens/authRefreshTokens.go:30.2,31.12 2 0
auth-service/repository/database/autrefreshtokens/authRefreshTokens.go:35.81,39.15 3 0
auth-service/repository/database/autrefreshtokens/authRefreshTokens.go:39.15,42.3 2 0
auth-service/repository/database/autrefreshtokens/authRefreshTokens.go:44.2,45.115 2 0
auth-service/repository/database/autrefreshtokens/authRefreshTokens.go:45.115,48.3 2 0
auth-service/repository/database/autrefreshtokens/authRefreshTokens.go:50.2,50.33 1 0
auth-service/repository/database/autrefreshtokens/authRefreshTokens.go:50.33,51.56 1 0
auth-service/repository/database/autrefreshtokens/authRefreshTokens.go:51.56,54.24 2 0
auth-service/repository/database/autrefreshtokens/authRefreshTokens.go:54.24,57.5 2 0
auth-service/repository/database/autrefreshtokens/authRefreshTokens.go:58.4,59.52 2 0
auth-service/repository/database/autrefreshtokens/authRefreshTokens.go:63.2,64.46 2 0
auth-service/repository/database/autrefreshtokens/authRefreshTokens.go:67.59,71.15 3 0
auth-service/repository/database/autrefreshtokens/authRefreshTokens.go:71.15,74.3 2 0
auth-service/repository/database/autrefreshtokens/authRefreshTokens.go:76.2,77.31 2 0
auth-service/repository/database/autrefreshtokens/authRefreshTokens.go:77.31,80.3 2 0
auth-service/repository/database/autrefreshtokens/authRefreshTokens.go:82.2,82.36 1 0
auth-service/repository/database/autrefreshtokens/authRefreshTokens.go:82.36,85.3 2 0
auth-service/repository/database/autrefreshtokens/authRefreshTokens.go:87.2,88.75 2 0
auth-service/repository/database/autrefreshtokens/authRefreshTokens.go:92.105,96.15 4 0
auth-service/repository/database/autrefreshtokens/authRefreshTokens.go:96.15,99.3 2 0
auth-service/repository/database/autrefreshtokens/authRefreshTokens.go:101.2,101.115 1 0
auth-service/repository/database/autrefreshtokens/authRefreshTokens.go:101.115,104.3 2 0
auth-service/repository/database/autrefreshtokens/authRefreshTokens.go:106.2,106.33 1 0
auth-service/repository/database/autrefreshtokens/authRefreshTokens.go:106.33,107.56 1 0
auth-service/repository/database/autrefreshtokens/authRefreshTokens.go:107.56,109.4 1 0
auth-service/repository/database/autrefreshtokens/authRefreshTokens.go:112.2,112.51 1 0
auth-service/routers/routers.go:11.35,14.51 2 0
auth-service/routers/routers.go:14.51,17.3 2 0
auth-service/routers/routers.go:19.2,55.76 28 0
auth-service/repository/database/authpermission/authPermission.go:17.57,20.15 3 0
auth-service/repository/database/authpermission/authPermission.go:20.15,23.3 2 0
auth-service/repository/database/authpermission/authPermission.go:24.2,25.29 2 0
auth-service/repository/database/authpermission/authPermission.go:25.29,28.3 2 0
auth-service/repository/database/authpermission/authPermission.go:29.2,30.12 2 0
auth-service/repository/database/authpermission/authPermission.go:33.72,40.29 5 0
auth-service/repository/database/authpermission/authPermission.go:40.29,43.3 2 0
auth-service/repository/database/authpermission/authPermission.go:45.2,45.19 1 0
auth-service/repository/database/authpermission/authPermission.go:48.85,52.15 3 0
auth-service/repository/database/authpermission/authPermission.go:52.15,55.3 2 0
auth-service/repository/database/authpermission/authPermission.go:57.2,66.9 3 0
auth-service/repository/database/authpermission/authPermission.go:66.9,68.3 1 0
auth-service/repository/database/authpermission/authPermission.go:70.2,84.16 4 0
auth-service/repository/database/authpermission/authPermission.go:84.16,87.3 2 0
auth-service/repository/database/authpermission/authPermission.go:89.2,89.21 1 0
auth-service/repository/database/authpermission/authPermission.go:92.88,103.16 5 0
auth-service/repository/database/authpermission/authPermission.go:103.16,106.3 2 0
auth-service/repository/database/authpermission/authPermission.go:107.2,107.21 1 0
auth-service/tools/helper/bcriptHelper.go:5.46,8.2 2 1
auth-service/tools/helper/bcriptHelper.go:10.53,12.2 1 1
auth-service/tools/helper/responseHelper.go:5.53,9.2 1 0
auth-service/tools/helper/structHelper.go:14.60,16.16 2 1
auth-service/tools/helper/structHelper.go:16.16,18.3 1 0
auth-service/tools/helper/structHelper.go:20.2,21.59 2 1
auth-service/tools/helper/structHelper.go:21.59,23.3 1 0
auth-service/tools/helper/structHelper.go:25.2,26.34 2 1
auth-service/tools/helper/structHelper.go:26.34,27.28 1 1
auth-service/tools/helper/structHelper.go:28.39,29.42 1 0
auth-service/tools/helper/structHelper.go:30.16,31.56 1 1
auth-service/tools/helper/structHelper.go:33.15,34.22 1 1
auth-service/tools/helper/structHelper.go:38.2,38.29 1 1
auth-service/tools/helper/structHelper.go:41.56,45.2 3 1
auth-service/tools/helper/structHelper.go:47.72,50.40 3 1
auth-service/tools/helper/structHelper.go:50.40,52.37 2 1
auth-service/tools/helper/structHelper.go:52.37,53.20 1 1
auth-service/tools/helper/structHelper.go:53.20,55.5 1 1
auth-service/tools/helper/structHelper.go:58.2,58.12 1 1
auth-service/tools/helper/structHelper.go:61.42,63.16 2 1
auth-service/tools/helper/structHelper.go:63.16,64.59 1 1
auth-service/tools/helper/structHelper.go:64.59,66.4 1 0
auth-service/tools/helper/structHelper.go:67.3,67.56 1 1
auth-service/tools/helper/structHelper.go:67.56,69.4 1 1
auth-service/tools/helper/structHelper.go:71.2,71.12 1 1
auth-service/usecase/authHandler.go:26.25,28.2 1 0
auth-service/usecase/authHandler.go:31.56,36.64 4 0
auth-service/usecase/authHandler.go:36.64,39.3 2 0
auth-service/usecase/authHandler.go:40.2,41.17 2 0
auth-service/usecase/authHandler.go:41.17,44.3 2 0
auth-service/usecase/authHandler.go:45.2,45.25 1 0
auth-service/usecase/authHandler.go:45.25,50.3 3 0
auth-service/usecase/authHandler.go:51.2,52.16 2 0
auth-service/usecase/authHandler.go:52.16,56.13 3 0
auth-service/usecase/authHandler.go:56.13,58.4 1 0
auth-service/usecase/authHandler.go:59.3,59.67 1 0
auth-service/usecase/authHandler.go:62.2,67.17 1 0
auth-service/usecase/authHandler.go:67.17,69.3 1 0
auth-service/usecase/authHandler.go:72.2,77.86 4 0
auth-service/usecase/authHandler.go:77.86,79.3 1 0
auth-service/usecase/authHandler.go:81.2,81.12 1 0
auth-service/usecase/authHandler.go:85.59,91.16 6 0
auth-service/usecase/authHandler.go:91.16,97.3 2 0
auth-service/usecase/authHandler.go:98.2,99.21 2 0
auth-service/usecase/authHandler.go:99.21,104.3 1 0
auth-service/usecase/authHandler.go:106.2,121.21 5 0
auth-service/usecase/authHandler.go:121.21,123.3 1 0
auth-service/usecase/authHandler.go:124.2,132.12 2 0
auth-service/usecase/authHandler.go:136.81,139.16 3 0
auth-service/usecase/authHandler.go:139.16,146.3 2 0
auth-service/usecase/authHandler.go:147.2,147.25 1 0
auth-service/usecase/authHandler.go:147.25,153.3 2 0
auth-service/usecase/authHandler.go:154.2,154.12 1 0
auth-service/usecase/authHandler.go:156.88,159.16 3 0
auth-service/usecase/authHandler.go:159.16,166.3 2 0
auth-service/usecase/authHandler.go:167.2,167.25 1 0
auth-service/usecase/authHandler.go:167.25,173.3 2 0
auth-service/usecase/authHandler.go:174.2,174.12 1 0
auth-service/usecase/authHandler.go:178.63,181.16 3 0
auth-service/usecase/authHandler.go:181.16,184.3 2 0
auth-service/usecase/authHandler.go:185.2,185.25 1 0
auth-service/usecase/authHandler.go:185.25,188.3 2 0
auth-service/usecase/authHandler.go:190.2,191.17 2 0
auth-service/usecase/authHandler.go:191.17,193.3 1 0
auth-service/usecase/authHandler.go:194.2,199.17 1 0
auth-service/usecase/authHandler.go:199.17,201.3 1 0
auth-service/usecase/authHandler.go:203.2,204.16 2 0
auth-service/usecase/authHandler.go:204.16,207.3 2 0
auth-service/usecase/authHandler.go:209.2,211.98 3 0
auth-service/usecase/authHandler.go:211.98,213.3 1 0
auth-service/usecase/authHandler.go:214.2,214.12 1 0
auth-service/usecase/authHandler.go:217.57,223.16 6 0
auth-service/usecase/authHandler.go:223.16,226.3 2 0
auth-service/usecase/authHandler.go:228.2,230.111 3 0
auth-service/usecase/authHandler.go:230.111,232.3 1 0
auth-service/usecase/authHandler.go:233.2,233.12 1 0
auth-service/usecase/authHandler.go:237.77,240.16 3 0
auth-service/usecase/authHandler.go:240.16,242.3 1 0
auth-service/usecase/authHandler.go:243.2,244.36 2 0
auth-service/usecase/authHandler.go:244.36,245.43 1 0
auth-service/usecase/authHandler.go:245.43,247.9 2 0
auth-service/usecase/authHandler.go:250.2,251.17 2 0
auth-service/usecase/authHandler.go:251.17,254.3 2 0
auth-service/usecase/authHandler.go:256.2,257.32 2 0
auth-service/usecase/authHandler.go:257.32,259.3 1 0
auth-service/usecase/authHandler.go:260.2,269.8 1 0
auth-service/usecase/authHandler.go:273.92,277.16 4 0
auth-service/usecase/authHandler.go:277.16,279.3 1 0
auth-service/usecase/authHandler.go:280.2,280.10 1 0
auth-service/usecase/authHandler.go:280.10,282.3 1 0
auth-service/usecase/authHandler.go:283.2,283.12 1 0
auth-service/usecase/authHandler.go:287.82,291.17 4 0
auth-service/usecase/authHandler.go:291.17,293.3 1 0
auth-service/usecase/authHandler.go:294.2,295.28 2 0
auth-service/usecase/authHandler.go:295.28,297.3 1 0
auth-service/usecase/authHandler.go:298.2,299.16 2 0
auth-service/usecase/authHandler.go:299.16,301.3 1 0
auth-service/usecase/authHandler.go:303.2,304.27 2 0
auth-service/usecase/authHandler.go:304.27,308.37 3 0
auth-service/usecase/authHandler.go:308.37,309.44 1 0
auth-service/usecase/authHandler.go:309.44,311.10 2 0
auth-service/usecase/authHandler.go:316.3,316.45 1 0
auth-service/usecase/authHandler.go:316.45,317.45 1 0
auth-service/usecase/authHandler.go:317.45,319.10 2 0
auth-service/usecase/authHandler.go:323.3,334.5 1 0
auth-service/usecase/authHandler.go:337.2,337.17 1 0
auth-service/usecase/authHandler.go:339.91,349.16 6 0
auth-service/usecase/authHandler.go:349.16,352.3 2 0
auth-service/usecase/authHandler.go:354.2,358.16 3 0
auth-service/usecase/authHandler.go:358.16,361.3 2 0
auth-service/usecase/authHandler.go:362.2,364.37 3 0
auth-service/usecase/authHandler.go:364.37,368.3 2 0
auth-service/usecase/authHandler.go:369.2,388.17 4 0
auth-service/usecase/authHandler.go:388.17,391.3 2 0
auth-service/usecase/authHandler.go:392.2,400.16 2 0
auth-service/usecase/authHandler.go:400.16,403.3 2 0
auth-service/usecase/authHandler.go:405.2,405.12 1 0
auth-service/usecase/authHandler.go:408.32,424.2 2 0
auth-service/usecase/functionHandler.go:16.33,18.2 1 0
auth-service/usecase/functionHandler.go:21.75,24.17 3 0
auth-service/usecase/functionHandler.go:24.17,27.3 2 0
auth-service/usecase/functionHandler.go:28.2,28.41 1 0
auth-service/usecase/functionHandler.go:32.120,35.17 3 0
auth-service/usecase/functionHandler.go:35.17,38.3 2 0
auth-service/usecase/functionHandler.go:39.2,40.25 2 0
auth-service/usecase/functionHandler.go:40.25,42.28 2 0
auth-service/usecase/functionHandler.go:42.28,43.44 1 0
auth-service/usecase/functionHandler.go:43.44,46.10 3 0
auth-service/usecase/functionHandler.go:49.3,61.5 1 0
auth-service/usecase/functionHandler.go:63.2,63.27 1 0
auth-service/usecase/functionHandler.go:67.97,70.17 3 0
auth-service/usecase/functionHandler.go:70.17,73.3 2 0
auth-service/usecase/functionHandler.go:74.2,76.16 3 0
auth-service/usecase/functionHandler.go:76.16,79.3 2 0
auth-service/usecase/functionHandler.go:80.2,80.32 1 0
auth-service/usecase/functionHandler.go:84.82,87.38 3 0
auth-service/usecase/functionHandler.go:87.38,96.3 1 0
auth-service/usecase/functionHandler.go:97.2,113.22 2 0
auth-service/usecase/functionHandler.go:113.22,116.3 2 0
auth-service/usecase/functionHandler.go:117.2,117.12 1 0
auth-service/usecase/functionHandler.go:121.84,123.20 2 0
auth-service/usecase/functionHandler.go:123.20,126.3 2 0
auth-service/usecase/functionHandler.go:127.2,128.17 2 0
auth-service/usecase/functionHandler.go:128.17,131.3 2 0
auth-service/usecase/functionHandler.go:132.2,133.35 2 0
auth-service/usecase/functionHandler.go:133.35,135.3 1 0
auth-service/usecase/functionHandler.go:136.2,137.38 2 0
auth-service/usecase/functionHandler.go:137.38,138.71 1 0
auth-service/usecase/functionHandler.go:138.71,144.4 5 0
auth-service/usecase/functionHandler.go:144.9,153.4 1 0
auth-service/usecase/functionHandler.go:156.2,156.47 1 0
auth-service/usecase/functionHandler.go:156.47,158.17 2 0
auth-service/usecase/functionHandler.go:158.17,161.4 2 0
auth-service/usecase/functionHandler.go:163.2,179.22 2 0
auth-service/usecase/functionHandler.go:179.22,182.3 2 0
auth-service/usecase/functionHandler.go:184.2,184.12 1 0
auth-service/usecase/groupHandler.go:15.27,17.2 1 0
auth-service/usecase/groupHandler.go:20.72,23.17 3 0
auth-service/usecase/groupHandler.go:23.17,26.3 2 0
auth-service/usecase/groupHandler.go:27.2,27.38 1 0
auth-service/usecase/groupHandler.go:31.107,34.17 3 0
auth-service/usecase/groupHandler.go:34.17,37.3 2 0
auth-service/usecase/groupHandler.go:38.2,39.25 2 0
auth-service/usecase/groupHandler.go:39.25,45.3 1 0
auth-service/usecase/groupHandler.go:46.2,46.27 1 0
auth-service/usecase/groupHandler.go:50.91,53.17 3 0
auth-service/usecase/groupHandler.go:53.17,56.3 2 0
auth-service/usecase/groupHandler.go:57.2,59.16 3 0
auth-service/usecase/groupHandler.go:59.16,62.3 2 0
auth-service/usecase/groupHandler.go:63.2,63.32 1 0
auth-service/usecase/groupHandler.go:67.76,76.22 3 0
auth-service/usecase/groupHandler.go:76.22,79.3 2 0
auth-service/usecase/groupHandler.go:80.2,80.12 1 0
auth-service/usecase/groupHandler.go:84.78,86.20 2 0
auth-service/usecase/groupHandler.go:86.20,89.3 2 0
auth-service/usecase/groupHandler.go:90.2,91.17 2 0
auth-service/usecase/groupHandler.go:91.17,94.3 2 0
auth-service/usecase/groupHandler.go:96.2,103.22 2 0
auth-service/usecase/groupHandler.go:103.22,106.3 2 0
auth-service/usecase/groupHandler.go:108.2,108.12 1 0
auth-service/usecase/portalHandler.go:16.29,18.2 1 0
auth-service/usecase/portalHandler.go:21.73,24.17 3 0
auth-service/usecase/portalHandler.go:24.17,27.3 2 0
auth-service/usecase/portalHandler.go:28.2,28.39 1 0
auth-service/usecase/portalHandler.go:32.78,35.38 3 0
auth-service/usecase/portalHandler.go:35.38,44.3 1 0
auth-service/usecase/portalHandler.go:45.2,55.22 2 0
auth-service/usecase/portalHandler.go:55.22,57.3 1 0
auth-service/usecase/portalHandler.go:58.2,58.23 1 0
auth-service/usecase/portalHandler.go:62.80,64.20 2 0
auth-service/usecase/portalHandler.go:64.20,67.3 2 0
auth-service/usecase/portalHandler.go:68.2,69.17 2 0
auth-service/usecase/portalHandler.go:69.17,72.3 2 0
auth-service/usecase/portalHandler.go:73.2,74.35 2 0
auth-service/usecase/portalHandler.go:74.35,76.3 1 0
auth-service/usecase/portalHandler.go:77.2,78.38 2 0
auth-service/usecase/portalHandler.go:78.38,79.71 1 0
auth-service/usecase/portalHandler.go:79.71,85.4 5 0
auth-service/usecase/portalHandler.go:85.9,94.4 1 0
auth-service/usecase/portalHandler.go:97.2,97.47 1 0
auth-service/usecase/portalHandler.go:97.47,99.17 2 0
auth-service/usecase/portalHandler.go:99.17,102.4 2 0
auth-service/usecase/portalHandler.go:104.2,115.22 2 0
auth-service/usecase/portalHandler.go:115.22,118.3 2 0
auth-service/usecase/portalHandler.go:120.2,120.23 1 0
auth-service/usecase/portalHandler.go:124.93,127.17 3 0
auth-service/usecase/portalHandler.go:127.17,130.3 2 0
auth-service/usecase/portalHandler.go:131.2,133.16 3 0
auth-service/usecase/portalHandler.go:133.16,136.3 2 0
auth-service/usecase/portalHandler.go:137.2,137.32 1 0
auth-service/usecase/portalHandler.go:141.114,144.17 3 0
auth-service/usecase/portalHandler.go:144.17,147.3 2 0
auth-service/usecase/portalHandler.go:148.2,149.25 2 0
auth-service/usecase/portalHandler.go:149.25,151.28 2 0
auth-service/usecase/portalHandler.go:151.28,152.44 1 0
auth-service/usecase/portalHandler.go:152.44,155.10 3 0
auth-service/usecase/portalHandler.go:158.3,166.5 1 0
auth-service/usecase/portalHandler.go:168.2,168.27 1 0
auth-service/usecase/userHandler.go:16.25,18.2 1 0
auth-service/usecase/userHandler.go:21.71,24.17 3 0
auth-service/usecase/userHandler.go:24.17,27.3 2 0
auth-service/usecase/userHandler.go:28.2,28.37 1 0
auth-service/usecase/userHandler.go:32.104,35.17 3 0
auth-service/usecase/userHandler.go:35.17,38.3 2 0
auth-service/usecase/userHandler.go:39.2,40.25 2 0
auth-service/usecase/userHandler.go:40.25,50.3 1 0
auth-service/usecase/userHandler.go:51.2,51.27 1 0
auth-service/usecase/userHandler.go:55.89,58.17 3 0
auth-service/usecase/userHandler.go:58.17,61.3 2 0
auth-service/usecase/userHandler.go:62.2,63.32 2 0
auth-service/usecase/userHandler.go:63.32,65.3 1 0
auth-service/usecase/userHandler.go:66.2,75.19 1 0
auth-service/usecase/userHandler.go:79.74,84.16 4 0
auth-service/usecase/userHandler.go:84.16,90.3 2 0
auth-service/usecase/userHandler.go:91.2,92.49 2 0
auth-service/usecase/userHandler.go:92.49,97.3 1 0
auth-service/usecase/userHandler.go:99.2,100.34 2 0
auth-service/usecase/userHandler.go:100.34,108.3 1 0
auth-service/usecase/userHandler.go:109.2,126.21 4 0
auth-service/usecase/userHandler.go:126.21,128.3 1 0
auth-service/usecase/userHandler.go:129.2,129.12 1 0
auth-service/usecase/userHandler.go:133.73,135.23 2 0
auth-service/usecase/userHandler.go:135.23,137.3 1 0
auth-service/usecase/userHandler.go:138.2,139.17 2 0
auth-service/usecase/userHandler.go:139.17,141.3 1 0
auth-service/usecase/userHandler.go:142.2,151.31 10 0
auth-service/middleware/middleware.go:21.40,22.34 1 0
auth-service/middleware/middleware.go:22.34,30.3 3 0
auth-service/middleware/middleware.go:33.52,34.34 1 0
auth-service/middleware/middleware.go:34.34,36.17 2 0
auth-service/middleware/middleware.go:36.17,40.4 2 0
auth-service/middleware/middleware.go:41.3,47.14 2 0
auth-service/middleware/middleware.go:47.14,48.54 1 0
auth-service/middleware/middleware.go:48.54,51.5 1 0
auth-service/middleware/middleware.go:53.3,53.18 1 0
auth-service/middleware/middleware.go:57.40,58.41 1 0
auth-service/middleware/middleware.go:58.41,60.3 1 0
auth-service/middleware/middleware.go:61.2,61.28 1 0
auth-service/middleware/middleware.go:64.40,66.21 2 0
auth-service/middleware/middleware.go:66.21,68.3 1 0
auth-service/middleware/middleware.go:69.2,69.35 1 0
auth-service/middleware/middleware.go:72.43,73.45 1 0
auth-service/middleware/middleware.go:73.45,76.35 3 0
auth-service/middleware/middleware.go:76.35,78.4 1 0
auth-service/middleware/middleware.go:79.3,79.14 1 0
auth-service/middleware/middleware.go:81.2,81.13 1 0
auth-service/middleware/middleware.go:84.51,86.16 2 0
auth-service/middleware/middleware.go:86.16,88.3 1 0
auth-service/middleware/middleware.go:89.2,89.10 1 0
auth-service/middleware/middleware.go:89.10,91.3 1 0
auth-service/middleware/middleware.go:92.2,92.12 1 0
auth-service/middleware/middleware.go:95.66,97.23 2 0
auth-service/middleware/middleware.go:97.23,99.3 1 0
auth-service/middleware/middleware.go:101.2,102.16 2 0
auth-service/middleware/middleware.go:102.16,103.92 1 0
auth-service/middleware/middleware.go:103.92,105.4 1 0
auth-service/middleware/middleware.go:106.3,108.42 3 0
auth-service/middleware/middleware.go:111.2,115.16 5 0
auth-service/middleware/middleware.go:115.16,117.3 1 0
auth-service/middleware/middleware.go:119.2,125.25 2 0
auth-service/middleware/middleware.go:128.71,130.24 2 0
auth-service/middleware/middleware.go:130.24,133.3 2 0
auth-service/middleware/middleware.go:135.2,136.16 2 0
auth-service/middleware/middleware.go:136.16,139.3 2 0
auth-service/middleware/middleware.go:141.2,146.16 5 0
auth-service/middleware/middleware.go:146.16,148.3 1 0
auth-service/middleware/middleware.go:150.2,151.51 2 0
auth-service/middleware/middleware.go:151.51,154.3 2 0
auth-service/middleware/middleware.go:156.2,167.31 4 0
auth-service/middleware/middleware.go:167.31,170.38 3 0
auth-service/middleware/middleware.go:170.38,173.4 2 0
auth-service/middleware/middleware.go:174.3,181.5 1 0
auth-service/middleware/middleware.go:184.2,184.25 1 0
auth-service/middleware/ratelimit.go:32.42,34.16 2 1
auth-service/middleware/ratelimit.go:34.16,36.6 1 0
auth-service/middleware/ratelimit.go:37.5,39.19 3 1
auth-service/middleware/ratelimit.go:39.19,41.6 1 0
auth-service/middleware/ratelimit.go:42.5,42.18 1 1
auth-service/middleware/ratelimit.go:47.35,52.37 4 1
auth-service/middleware/ratelimit.go:52.37,60.41 6 1
auth-service/middleware/ratelimit.go:60.41,63.10 2 1
auth-service/middleware/ratelimit.go:64.9,68.22 4 1
auth-service/middleware/ratelimit.go:68.22,70.10 1 1
auth-service/middleware/ratelimit.go:71.9,71.24 1 1
auth-service/middleware/ratelimit.go:76.57,78.12 2 1
auth-service/middleware/ratelimit.go:78.12,80.6 1 1
auth-service/middleware/ratelimit.go:81.5,82.42 2 1
auth-service/middleware/ratelimit.go:82.42,84.6 1 1
auth-service/middleware/ratelimit.go:85.5,85.30 1 1
auth-service/middleware/ratelimit.go:89.77,97.42 5 1
auth-service/middleware/ratelimit.go:97.42,99.6 1 0
auth-service/middleware/ratelimit.go:101.5,102.35 2 1
auth-service/middleware/ratelimit.go:102.35,107.6 4 1
auth-service/middleware/ratelimit.go:108.5,109.44 2 1
auth-service/middleware/ratelimit.go:113.43,115.2 1 1
